  Source.cpp
C:\Users\master\Downloads\ogre-master\OgreMain\include\OgreAxisAlignedBox.h(66,17): warning C4251: 'Ogre::AxisAlignedBox::mMinimum': class 'Ogre::Vector<3,Ogre::Real>' needs to have dll-interface to be used by clients of class 'Ogre::AxisAlignedBox'
C:\Users\master\Downloads\ogre-master\OgreMain\include\OgrePrerequisites.h(251): message : see declaration of 'Ogre::Vector<3,Ogre::Real>'
C:\Users\master\Downloads\ogre-master\OgreMain\include\OgreAxisAlignedBox.h(67,17): warning C4251: 'Ogre::AxisAlignedBox::mMaximum': class 'Ogre::Vector<3,Ogre::Real>' needs to have dll-interface to be used by clients of class 'Ogre::AxisAlignedBox'
C:\Users\master\Downloads\ogre-master\OgreMain\include\OgrePrerequisites.h(251): message : see declaration of 'Ogre::Vector<3,Ogre::Real>'
C:\Users\master\Downloads\ogre-master\OgreMain\include\OgrePlane.h(65,17): warning C4251: 'Ogre::Plane::normal': class 'Ogre::Vector<3,Ogre::Real>' needs to have dll-interface to be used by clients of class 'Ogre::Plane'
C:\Users\master\Downloads\ogre-master\OgreMain\include\OgrePrerequisites.h(251): message : see declaration of 'Ogre::Vector<3,Ogre::Real>'
C:\Users\master\Downloads\ogre-master\OgreMain\include\OgreSphere.h(56,17): warning C4251: 'Ogre::Sphere::mCenter': class 'Ogre::Vector<3,Ogre::Real>' needs to have dll-interface to be used by clients of class 'Ogre::Sphere'
C:\Users\master\Downloads\ogre-master\OgreMain\include\OgrePrerequisites.h(251): message : see declaration of 'Ogre::Vector<3,Ogre::Real>'
C:\Users\master\Downloads\ogre-master\OgreMain\include\OgreBone.h(140,17): warning C4251: 'Ogre::Bone::mBindDerivedInverseScale': class 'Ogre::Vector<3,Ogre::Real>' needs to have dll-interface to be used by clients of class 'Ogre::Bone'
C:\Users\master\Downloads\ogre-master\OgreMain\include\OgrePrerequisites.h(251): message : see declaration of 'Ogre::Vector<3,Ogre::Real>'
C:\Users\master\Downloads\ogre-master\OgreMain\include\OgreBone.h(144,17): warning C4251: 'Ogre::Bone::mBindDerivedInversePosition': class 'Ogre::Vector<3,Ogre::Real>' needs to have dll-interface to be used by clients of class 'Ogre::Bone'
C:\Users\master\Downloads\ogre-master\OgreMain\include\OgrePrerequisites.h(251): message : see declaration of 'Ogre::Vector<3,Ogre::Real>'
C:\Users\master\Downloads\ogre-master\OgreMain\include\OgreDefaultHardwareBufferManager.h(85,52): warning C4251: 'Ogre::DefaultHardwareBufferManager::mImpl': class 'std::unique_ptr<Ogre::HardwareBufferManagerBase,std::default_delete<Ogre::HardwareBufferManagerBase>>' needs to have dll-interface to be used by clients of class 'Ogre::DefaultHardwareBufferManager'
C:\Users\master\Downloads\ogre-master\OgreMain\include\OgreDefaultHardwareBufferManager.h(85): message : see declaration of 'std::unique_ptr<Ogre::HardwareBufferManagerBase,std::default_delete<Ogre::HardwareBufferManagerBase>>'
C:\Users\master\Downloads\ogre-master\OgreMain\include\OgreWorkQueue.h(194,91): warning C4244: 'argument': conversion from 'Ogre::uint64' to 'unsigned long', possible loss of data
C:\Users\master\Downloads\ogre-master\OgreMain\include\OgreRay.h(48,17): warning C4251: 'Ogre::Ray::mOrigin': class 'Ogre::Vector<3,Ogre::Real>' needs to have dll-interface to be used by clients of class 'Ogre::Ray'
C:\Users\master\Downloads\ogre-master\OgreMain\include\OgrePrerequisites.h(251): message : see declaration of 'Ogre::Vector<3,Ogre::Real>'
C:\Users\master\Downloads\ogre-master\OgreMain\include\OgreRay.h(49,17): warning C4251: 'Ogre::Ray::mDirection': class 'Ogre::Vector<3,Ogre::Real>' needs to have dll-interface to be used by clients of class 'Ogre::Ray'
C:\Users\master\Downloads\ogre-master\OgreMain\include\OgrePrerequisites.h(251): message : see declaration of 'Ogre::Vector<3,Ogre::Real>'
C:\Users\master\Downloads\ogre-master\OgreMain\include\OgreAutoParamDataSource.h(74,25): warning C4251: 'Ogre::AutoParamDataSource::mCameraPosition': class 'Ogre::Vector<4,Ogre::Real>' needs to have dll-interface to be used by clients of class 'Ogre::AutoParamDataSource'
C:\Users\master\Downloads\ogre-master\OgreMain\include\OgrePrerequisites.h(254): message : see declaration of 'Ogre::Vector<4,Ogre::Real>'
C:\Users\master\Downloads\ogre-master\OgreMain\include\OgreAutoParamDataSource.h(75,25): warning C4251: 'Ogre::AutoParamDataSource::mCameraPositionObjectSpace': class 'Ogre::Vector<4,Ogre::Real>' needs to have dll-interface to be used by clients of class 'Ogre::AutoParamDataSource'
C:\Users\master\Downloads\ogre-master\OgreMain\include\OgrePrerequisites.h(254): message : see declaration of 'Ogre::Vector<4,Ogre::Real>'
C:\Users\master\Downloads\ogre-master\OgreMain\include\OgreAutoParamDataSource.h(80,25): warning C4251: 'Ogre::AutoParamDataSource::mShadowCamDepthRanges': class 'Ogre::Vector<4,Ogre::Real>' needs to have dll-interface to be used by clients of class 'Ogre::AutoParamDataSource'
C:\Users\master\Downloads\ogre-master\OgreMain\include\OgrePrerequisites.h(254): message : see declaration of 'Ogre::Vector<4,Ogre::Real>'
C:\Users\master\Downloads\ogre-master\OgreMain\include\OgreAutoParamDataSource.h(85,25): warning C4251: 'Ogre::AutoParamDataSource::mLodCameraPosition': class 'Ogre::Vector<4,Ogre::Real>' needs to have dll-interface to be used by clients of class 'Ogre::AutoParamDataSource'
C:\Users\master\Downloads\ogre-master\OgreMain\include\OgrePrerequisites.h(254): message : see declaration of 'Ogre::Vector<4,Ogre::Real>'
C:\Users\master\Downloads\ogre-master\OgreMain\include\OgreAutoParamDataSource.h(86,25): warning C4251: 'Ogre::AutoParamDataSource::mLodCameraPositionObjectSpace': class 'Ogre::Vector<4,Ogre::Real>' needs to have dll-interface to be used by clients of class 'Ogre::AutoParamDataSource'
C:\Users\master\Downloads\ogre-master\OgreMain\include\OgrePrerequisites.h(254): message : see declaration of 'Ogre::Vector<4,Ogre::Real>'
C:\Users\master\Downloads\ogre-master\OgreMain\include\OgreAutoParamDataSource.h(108,18): warning C4251: 'Ogre::AutoParamDataSource::mFogParams': class 'Ogre::Vector<4,Ogre::Real>' needs to have dll-interface to be used by clients of class 'Ogre::AutoParamDataSource'
C:\Users\master\Downloads\ogre-master\OgreMain\include\OgrePrerequisites.h(254): message : see declaration of 'Ogre::Vector<4,Ogre::Real>'
C:\Users\master\Downloads\ogre-master\OgreMain\include\OgreAutoParamDataSource.h(109,18): warning C4251: 'Ogre::AutoParamDataSource::mPointParams': class 'Ogre::Vector<4,Ogre::Real>' needs to have dll-interface to be used by clients of class 'Ogre::AutoParamDataSource'
C:\Users\master\Downloads\ogre-master\OgreMain\include\OgrePrerequisites.h(254): message : see declaration of 'Ogre::Vector<4,Ogre::Real>'
C:\Users\master\Downloads\ogre-master\OgreMain\include\OgreAutoParamDataSource.h(111,25): warning C4251: 'Ogre::AutoParamDataSource::mSceneDepthRange': class 'Ogre::Vector<4,Ogre::Real>' needs to have dll-interface to be used by clients of class 'Ogre::AutoParamDataSource'
C:\Users\master\Downloads\ogre-master\OgreMain\include\OgrePrerequisites.h(254): message : see declaration of 'Ogre::Vector<4,Ogre::Real>'
C:\Users\master\Downloads\ogre-master\OgreMain\include\OgreAutoParamDataSource.h(119,17): warning C4251: 'Ogre::AutoParamDataSource::mCameraRelativePosition': class 'Ogre::Vector<3,Ogre::Real>' needs to have dll-interface to be used by clients of class 'Ogre::AutoParamDataSource'
C:\Users\master\Downloads\ogre-master\OgreMain\include\OgrePrerequisites.h(251): message : see declaration of 'Ogre::Vector<3,Ogre::Real>'
C:\Users\master\Downloads\ogre-master\OgreMain\include\OgreTextureManager.h(421,20): warning C4251: 'Ogre::TextureManager::mWarningTexture': class 'Ogre::SharedPtr<Ogre::Texture>' needs to have dll-interface to be used by clients of class 'Ogre::TextureManager'
C:\Users\master\Downloads\ogre-master\OgreMain\include\OgrePrerequisites.h(298): message : see declaration of 'Ogre::SharedPtr<Ogre::Texture>'
C:\Users\master\Downloads\ogre-master\OgreMain\include\OgreTextureManager.h(422,20): warning C4251: 'Ogre::TextureManager::mDefaultSampler': class 'std::shared_ptr<Ogre::Sampler>' needs to have dll-interface to be used by clients of class 'Ogre::TextureManager'
C:\Users\master\Downloads\ogre-master\OgreMain\include\OgreTextureUnitState.h(225): message : see declaration of 'std::shared_ptr<Ogre::Sampler>'
C:\Users\master\Downloads\ogre-master\OgreMain\include\OgreTextureManager.h(423,38): warning C4251: 'Ogre::TextureManager::mNamedSamplers': class 'std::map<Ogre::String,Ogre::SamplerPtr,std::less<Ogre::String>,std::allocator<std::pair<const Ogre::String,Ogre::SamplerPtr>>>' needs to have dll-interface to be used by clients of class 'Ogre::TextureManager'
C:\Users\master\Downloads\ogre-master\OgreMain\include\OgreTextureManager.h(423): message : see declaration of 'std::map<Ogre::String,Ogre::SamplerPtr,std::less<Ogre::String>,std::allocator<std::pair<const Ogre::String,Ogre::SamplerPtr>>>'
C:\Users\master\Downloads\ogre-master\OgreMain\include\OgreTimer.h(41,47): warning C4251: 'Ogre::Timer::start': class 'std::chrono::time_point<std::chrono::steady_clock,std::chrono::nanoseconds>' needs to have dll-interface to be used by clients of class 'Ogre::Timer'
C:\Program Files (x86)\Microsoft Visual Studio\2019\Community\VC\Tools\MSVC\14.29.30133\include\__msvc_chrono.hpp(666): message : see declaration of 'std::chrono::time_point<std::chrono::steady_clock,std::chrono::nanoseconds>'
C:\Users\master\Downloads\ogre-master\Components\Bites\include\OgreStaticPluginLoader.h(27,36): warning C4251: 'OgreBites::StaticPluginLoader::mPlugins': class 'std::vector<Ogre::Plugin *,std::allocator<Ogre::Plugin *>>' needs to have dll-interface to be used by clients of class 'OgreBites::StaticPluginLoader'
C:\Users\master\Downloads\ogre-master\OgreMain\include\OgreRoot.h(79): message : see declaration of 'std::vector<Ogre::Plugin *,std::allocator<Ogre::Plugin *>>'
C:\Users\master\Downloads\ogre-master\Components\RTShaderSystem\include\OgreShaderProgramManager.h(173,25): warning C4251: 'Ogre::RTShader::ProgramManager::mProgramProcessorsMap': class 'std::map<Ogre::String,Ogre::RTShader::ProgramProcessor *,std::less<Ogre::String>,std::allocator<std::pair<const Ogre::String,Ogre::RTShader::ProgramProcessor *>>>' needs to have dll-interface to be used by clients of class 'Ogre::RTShader::ProgramManager'
C:\Users\master\Downloads\ogre-master\Components\RTShaderSystem\include\OgreShaderProgramManager.h(105): message : see declaration of 'std::map<Ogre::String,Ogre::RTShader::ProgramProcessor *,std::less<Ogre::String>,std::allocator<std::pair<const Ogre::String,Ogre::RTShader::ProgramProcessor *>>>'
C:\Users\master\Downloads\ogre-master\Components\RTShaderSystem\include\OgreShaderProgramManager.h(175,32): warning C4251: 'Ogre::RTShader::ProgramManager::mShaderList': class 'std::vector<Ogre::GpuProgramPtr,std::allocator<Ogre::GpuProgramPtr>>' needs to have dll-interface to be used by clients of class 'Ogre::RTShader::ProgramManager'
C:\Users\master\Downloads\ogre-master\Components\RTShaderSystem\include\OgreShaderProgramManager.h(175): message : see declaration of 'std::vector<Ogre::GpuProgramPtr,std::allocator<Ogre::GpuProgramPtr>>'
C:\Users\master\Downloads\ogre-master\Components\RTShaderSystem\include\OgreShaderProgramManager.h(177,26): warning C4251: 'Ogre::RTShader::ProgramManager::mDefaultProgramProcessors': class 'std::vector<Ogre::RTShader::ProgramProcessor *,std::allocator<Ogre::RTShader::ProgramProcessor *>>' needs to have dll-interface to be used by clients of class 'Ogre::RTShader::ProgramManager'
C:\Users\master\Downloads\ogre-master\Components\RTShaderSystem\include\OgreShaderProgramManager.h(108): message : see declaration of 'std::vector<Ogre::RTShader::ProgramProcessor *,std::allocator<Ogre::RTShader::ProgramProcessor *>>'
C:\Users\master\Downloads\ogre-master\Components\RTShaderSystem\include\OgreShaderParameter.h(260,12): warning C4251: 'Ogre::RTShader::Parameter::mName': class 'std::basic_string<char,std::char_traits<char>,std::allocator<char>>' needs to have dll-interface to be used by clients of class 'Ogre::RTShader::Parameter'
C:\Program Files (x86)\Microsoft Visual Studio\2019\Community\VC\Tools\MSVC\14.29.30133\include\xstring(4871): message : see declaration of 'std::basic_string<char,std::char_traits<char>,std::allocator<char>>'
C:\Users\master\Downloads\ogre-master\Components\RTShaderSystem\include\OgreShaderParameter.h(263,12): warning C4251: 'Ogre::RTShader::Parameter::mBindName': class 'std::basic_string<char,std::char_traits<char>,std::allocator<char>>' needs to have dll-interface to be used by clients of class 'Ogre::RTShader::Parameter'
C:\Program Files (x86)\Microsoft Visual Studio\2019\Community\VC\Tools\MSVC\14.29.30133\include\xstring(4871): message : see declaration of 'std::basic_string<char,std::char_traits<char>,std::allocator<char>>'
C:\Users\master\Downloads\ogre-master\Components\RTShaderSystem\include\OgreShaderParameter.h(269,12): warning C4251: 'Ogre::RTShader::Parameter::mStructType': class 'std::basic_string<char,std::char_traits<char>,std::allocator<char>>' needs to have dll-interface to be used by clients of class 'Ogre::RTShader::Parameter'
C:\Program Files (x86)\Microsoft Visual Studio\2019\Community\VC\Tools\MSVC\14.29.30133\include\xstring(4871): message : see declaration of 'std::basic_string<char,std::char_traits<char>,std::allocator<char>>'
C:\Users\master\Downloads\ogre-master\Components\RTShaderSystem\include\OgreShaderParameter.h(339,43): warning C4267: 'return': conversion from 'size_t' to 'Ogre::uint32', possible loss of data
C:\Users\master\Downloads\ogre-master\Components\RTShaderSystem\include\OgreShaderProgramWriter.h(97,29): warning C4251: 'Ogre::RTShader::ProgramWriter::mGpuConstTypeMap': class 'std::map<Ogre::GpuConstantType,const char *,std::less<Ogre::GpuConstantType>,std::allocator<std::pair<const Ogre::GpuConstantType,const char *>>>' needs to have dll-interface to be used by clients of class 'Ogre::RTShader::ProgramWriter'
C:\Users\master\Downloads\ogre-master\Components\RTShaderSystem\include\OgreShaderProgramWriter.h(94): message : see declaration of 'std::map<Ogre::GpuConstantType,const char *,std::less<Ogre::GpuConstantType>,std::allocator<std::pair<const Ogre::GpuConstantType,const char *>>>'
C:\Users\master\Downloads\ogre-master\Components\RTShaderSystem\include\OgreShaderProgramWriter.h(99,30): warning C4251: 'Ogre::RTShader::ProgramWriter::mParamSemanticMap': class 'std::map<Ogre::RTShader::Parameter::Semantic,const char *,std::less<Ogre::RTShader::Parameter::Semantic>,std::allocator<std::pair<const Ogre::RTShader::Parameter::Semantic,const char *>>>' needs to have dll-interface to be used by clients of class 'Ogre::RTShader::ProgramWriter'
C:\Users\master\Downloads\ogre-master\Components\RTShaderSystem\include\OgreShaderProgramWriter.h(95): message : see declaration of 'std::map<Ogre::RTShader::Parameter::Semantic,const char *,std::less<Ogre::RTShader::Parameter::Semantic>,std::allocator<std::pair<const Ogre::RTShader::Parameter::Semantic,const char *>>>'
C:\Users\master\Downloads\ogre-master\Components\RTShaderSystem\include\OgreShaderProgramWriter.h(101,22): warning C4251: 'Ogre::RTShader::ProgramWriter::mLocalRenames': class 'std::set<Ogre::String,std::less<Ogre::String>,std::allocator<Ogre::String>>' needs to have dll-interface to be used by clients of class 'Ogre::RTShader::ProgramWriter'
C:\Users\master\Downloads\ogre-master\OgreMain\include\OgreRenderSystemCapabilities.h(259): message : see declaration of 'std::set<Ogre::String,std::less<Ogre::String>,std::allocator<Ogre::String>>'
C:\Users\master\Downloads\ogre-master\Components\RTShaderSystem\include\OgreShaderSubRenderState.h(195,39): warning C4251: 'Ogre::RTShader::SubRenderState::mThisAccessor': class 'Ogre::SharedPtr<Ogre::RTShader::SubRenderStateAccessor>' needs to have dll-interface to be used by clients of class 'Ogre::RTShader::SubRenderState'
C:\Users\master\Downloads\ogre-master\Components\RTShaderSystem\include\OgreShaderSubRenderState.h(43): message : see declaration of 'Ogre::SharedPtr<Ogre::RTShader::SubRenderStateAccessor>'
C:\Users\master\Downloads\ogre-master\Components\RTShaderSystem\include\OgreShaderSubRenderState.h(197,31): warning C4251: 'Ogre::RTShader::SubRenderState::mOtherAccessor': class 'Ogre::SharedPtr<Ogre::RTShader::SubRenderStateAccessor>' needs to have dll-interface to be used by clients of class 'Ogre::RTShader::SubRenderState'
C:\Users\master\Downloads\ogre-master\Components\RTShaderSystem\include\OgreShaderSubRenderState.h(43): message : see declaration of 'Ogre::SharedPtr<Ogre::RTShader::SubRenderStateAccessor>'
C:\Users\master\Downloads\ogre-master\Components\RTShaderSystem\include\OgreShaderSubRenderState.h(252,31): warning C4251: 'Ogre::RTShader::SubRenderStateAccessor::mSubRenderStateInstancesSet': class 'std::set<Ogre::RTShader::SubRenderState *,std::less<Ogre::RTShader::SubRenderState *>,std::allocator<Ogre::RTShader::SubRenderState *>>' needs to have dll-interface to be used by clients of class 'Ogre::RTShader::SubRenderStateAccessor'
C:\Users\master\Downloads\ogre-master\Components\RTShaderSystem\include\OgreShaderSubRenderState.h(205): message : see declaration of 'std::set<Ogre::RTShader::SubRenderState *,std::less<Ogre::RTShader::SubRenderState *>,std::allocator<Ogre::RTShader::SubRenderState *>>'
C:\Users\master\Downloads\ogre-master\Components\RTShaderSystem\include\OgreShaderSubRenderState.h(357,23): warning C4251: 'Ogre::RTShader::SubRenderStateFactory::mSubRenderStateList': class 'std::set<Ogre::RTShader::SubRenderState *,std::less<Ogre::RTShader::SubRenderState *>,std::allocator<Ogre::RTShader::SubRenderState *>>' needs to have dll-interface to be used by clients of class 'Ogre::RTShader::SubRenderStateFactory'
C:\Users\master\Downloads\ogre-master\Components\RTShaderSystem\include\OgreShaderSubRenderState.h(205): message : see declaration of 'std::set<Ogre::RTShader::SubRenderState *,std::less<Ogre::RTShader::SubRenderState *>,std::allocator<Ogre::RTShader::SubRenderState *>>'
C:\Users\master\Downloads\ogre-master\Components\RTShaderSystem\include\OgreShaderProgramSet.h(69,30): warning C4251: 'Ogre::RTShader::ProgramSet::mVSCpuProgram': class 'std::unique_ptr<Ogre::RTShader::Program,std::default_delete<Ogre::RTShader::Program>>' needs to have dll-interface to be used by clients of class 'Ogre::RTShader::ProgramSet'
C:\Users\master\Downloads\ogre-master\Components\RTShaderSystem\include\OgreShaderProgramSet.h(65): message : see declaration of 'std::unique_ptr<Ogre::RTShader::Program,std::default_delete<Ogre::RTShader::Program>>'
C:\Users\master\Downloads\ogre-master\Components\RTShaderSystem\include\OgreShaderProgramSet.h(71,30): warning C4251: 'Ogre::RTShader::ProgramSet::mPSCpuProgram': class 'std::unique_ptr<Ogre::RTShader::Program,std::default_delete<Ogre::RTShader::Program>>' needs to have dll-interface to be used by clients of class 'Ogre::RTShader::ProgramSet'
C:\Users\master\Downloads\ogre-master\Components\RTShaderSystem\include\OgreShaderProgramSet.h(65): message : see declaration of 'std::unique_ptr<Ogre::RTShader::Program,std::default_delete<Ogre::RTShader::Program>>'
C:\Users\master\Downloads\ogre-master\Components\RTShaderSystem\include\OgreShaderProgramSet.h(73,19): warning C4251: 'Ogre::RTShader::ProgramSet::mVSGpuProgram': class 'Ogre::SharedPtr<Ogre::GpuProgram>' needs to have dll-interface to be used by clients of class 'Ogre::RTShader::ProgramSet'
C:\Users\master\Downloads\ogre-master\OgreMain\include\OgrePrerequisites.h(281): message : see declaration of 'Ogre::SharedPtr<Ogre::GpuProgram>'
C:\Users\master\Downloads\ogre-master\Components\RTShaderSystem\include\OgreShaderProgramSet.h(75,19): warning C4251: 'Ogre::RTShader::ProgramSet::mPSGpuProgram': class 'Ogre::SharedPtr<Ogre::GpuProgram>' needs to have dll-interface to be used by clients of class 'Ogre::RTShader::ProgramSet'
C:\Users\master\Downloads\ogre-master\OgreMain\include\OgrePrerequisites.h(281): message : see declaration of 'Ogre::SharedPtr<Ogre::GpuProgram>'
C:\Users\master\Downloads\ogre-master\Components\RTShaderSystem\include\OgreShaderRenderState.h(114,24): warning C4251: 'Ogre::RTShader::RenderState::mSubRenderStateList': class 'std::vector<Ogre::RTShader::SubRenderState *,std::allocator<Ogre::RTShader::SubRenderState *>>' needs to have dll-interface to be used by clients of class 'Ogre::RTShader::RenderState'
C:\Users\master\Downloads\ogre-master\Components\RTShaderSystem\include\OgreShaderSubRenderState.h(201): message : see declaration of 'std::vector<Ogre::RTShader::SubRenderState *,std::allocator<Ogre::RTShader::SubRenderState *>>'
C:\Users\master\Downloads\ogre-master\Components\RTShaderSystem\include\OgreShaderRenderState.h(198,33): warning C4251: 'Ogre::RTShader::TargetRenderState::mProgramSet': class 'std::unique_ptr<Ogre::RTShader::ProgramSet,std::default_delete<Ogre::RTShader::ProgramSet>>' needs to have dll-interface to be used by clients of class 'Ogre::RTShader::TargetRenderState'
C:\Users\master\Downloads\ogre-master\Components\RTShaderSystem\include\OgreShaderRenderState.h(198): message : see declaration of 'std::unique_ptr<Ogre::RTShader::ProgramSet,std::default_delete<Ogre::RTShader::ProgramSet>>'
C:\Users\master\Downloads\ogre-master\Components\RTShaderSystem\include\OgreShaderGenerator.h(446,19): warning C4251: 'Ogre::RTShader::ShaderGenerator::DEFAULT_SCHEME_NAME': class 'std::basic_string<char,std::char_traits<char>,std::allocator<char>>' needs to have dll-interface to be used by clients of class 'Ogre::RTShader::ShaderGenerator'
C:\Program Files (x86)\Microsoft Visual Studio\2019\Community\VC\Tools\MSVC\14.29.30133\include\xstring(4871): message : see declaration of 'std::basic_string<char,std::char_traits<char>,std::allocator<char>>'
C:\Users\master\Downloads\ogre-master\Components\RTShaderSystem\include\OgreShaderGenerator.h(584,23): warning C4251: 'Ogre::RTShader::ShaderGenerator::SGTechnique::UserKey': class 'std::basic_string<char,std::char_traits<char>,std::allocator<char>>' needs to have dll-interface to be used by clients of class 'Ogre::RTShader::ShaderGenerator::SGTechnique'
C:\Program Files (x86)\Microsoft Visual Studio\2019\Community\VC\Tools\MSVC\14.29.30133\include\xstring(4871): message : see declaration of 'std::basic_string<char,std::char_traits<char>,std::allocator<char>>'
C:\Users\master\Downloads\ogre-master\Components\RTShaderSystem\include\OgreShaderGenerator.h(607,20): warning C4251: 'Ogre::RTShader::ShaderGenerator::SGTechnique::mPassEntries': class 'std::vector<Ogre::RTShader::ShaderGenerator::SGPass *,std::allocator<Ogre::RTShader::ShaderGenerator::SGPass *>>' needs to have dll-interface to be used by clients of class 'Ogre::RTShader::ShaderGenerator::SGTechnique'
C:\Users\master\Downloads\ogre-master\Components\RTShaderSystem\include\OgreShaderGenerator.h(465): message : see declaration of 'std::vector<Ogre::RTShader::ShaderGenerator::SGPass *,std::allocator<Ogre::RTShader::ShaderGenerator::SGPass *>>'
C:\Users\master\Downloads\ogre-master\Components\RTShaderSystem\include\OgreShaderGenerator.h(610,25): warning C4251: 'Ogre::RTShader::ShaderGenerator::SGTechnique::mCustomRenderStates': class 'std::vector<Ogre::RTShader::RenderState *,std::allocator<Ogre::RTShader::RenderState *>>' needs to have dll-interface to be used by clients of class 'Ogre::RTShader::ShaderGenerator::SGTechnique'
C:\Users\master\Downloads\ogre-master\Components\RTShaderSystem\include\OgreShaderGenerator.h(609): message : see declaration of 'std::vector<Ogre::RTShader::RenderState *,std::allocator<Ogre::RTShader::RenderState *>>'
C:\Users\master\Downloads\ogre-master\Components\RTShaderSystem\include\OgreShaderGenerator.h(614,16): warning C4251: 'Ogre::RTShader::ShaderGenerator::SGTechnique::mDstTechniqueSchemeName': class 'std::basic_string<char,std::char_traits<char>,std::allocator<char>>' needs to have dll-interface to be used by clients of class 'Ogre::RTShader::ShaderGenerator::SGTechnique'
C:\Program Files (x86)\Microsoft Visual Studio\2019\Community\VC\Tools\MSVC\14.29.30133\include\xstring(4871): message : see declaration of 'std::basic_string<char,std::char_traits<char>,std::allocator<char>>'
C:\Users\master\Downloads\ogre-master\Components\RTShaderSystem\include\OgreShaderGenerator.h(642,16): warning C4251: 'Ogre::RTShader::ShaderGenerator::SGMaterial::mName': class 'std::basic_string<char,std::char_traits<char>,std::allocator<char>>' needs to have dll-interface to be used by clients of class 'Ogre::RTShader::ShaderGenerator::SGMaterial'
C:\Program Files (x86)\Microsoft Visual Studio\2019\Community\VC\Tools\MSVC\14.29.30133\include\xstring(4871): message : see declaration of 'std::basic_string<char,std::char_traits<char>,std::allocator<char>>'
C:\Users\master\Downloads\ogre-master\Components\RTShaderSystem\include\OgreShaderGenerator.h(644,16): warning C4251: 'Ogre::RTShader::ShaderGenerator::SGMaterial::mGroup': class 'std::basic_string<char,std::char_traits<char>,std::allocator<char>>' needs to have dll-interface to be used by clients of class 'Ogre::RTShader::ShaderGenerator::SGMaterial'
C:\Program Files (x86)\Microsoft Visual Studio\2019\Community\VC\Tools\MSVC\14.29.30133\include\xstring(4871): message : see declaration of 'std::basic_string<char,std::char_traits<char>,std::allocator<char>>'
C:\Users\master\Downloads\ogre-master\Components\RTShaderSystem\include\OgreShaderGenerator.h(646,25): warning C4251: 'Ogre::RTShader::ShaderGenerator::SGMaterial::mTechniqueEntries': class 'std::vector<Ogre::RTShader::ShaderGenerator::SGTechnique *,std::allocator<Ogre::RTShader::ShaderGenerator::SGTechnique *>>' needs to have dll-interface to be used by clients of class 'Ogre::RTShader::ShaderGenerator::SGMaterial'
C:\Users\master\Downloads\ogre-master\Components\RTShaderSystem\include\OgreShaderGenerator.h(469): message : see declaration of 'std::vector<Ogre::RTShader::ShaderGenerator::SGTechnique *,std::allocator<Ogre::RTShader::ShaderGenerator::SGTechnique *>>'
C:\Users\master\Downloads\ogre-master\Components\RTShaderSystem\include\OgreShaderGenerator.h(719,16): warning C4251: 'Ogre::RTShader::ShaderGenerator::SGScheme::mName': class 'std::basic_string<char,std::char_traits<char>,std::allocator<char>>' needs to have dll-interface to be used by clients of class 'Ogre::RTShader::ShaderGenerator::SGScheme'
C:\Program Files (x86)\Microsoft Visual Studio\2019\Community\VC\Tools\MSVC\14.29.30133\include\xstring(4871): message : see declaration of 'std::basic_string<char,std::char_traits<char>,std::allocator<char>>'
C:\Users\master\Downloads\ogre-master\Components\RTShaderSystem\include\OgreShaderGenerator.h(721,25): warning C4251: 'Ogre::RTShader::ShaderGenerator::SGScheme::mTechniqueEntries': class 'std::vector<Ogre::RTShader::ShaderGenerator::SGTechnique *,std::allocator<Ogre::RTShader::ShaderGenerator::SGTechnique *>>' needs to have dll-interface to be used by clients of class 'Ogre::RTShader::ShaderGenerator::SGScheme'
C:\Users\master\Downloads\ogre-master\Components\RTShaderSystem\include\OgreShaderGenerator.h(469): message : see declaration of 'std::vector<Ogre::RTShader::ShaderGenerator::SGTechnique *,std::allocator<Ogre::RTShader::ShaderGenerator::SGTechnique *>>'
C:\Users\master\Downloads\ogre-master\Components\RTShaderSystem\include\OgreShaderGenerator.h(725,38): warning C4251: 'Ogre::RTShader::ShaderGenerator::SGScheme::mRenderState': class 'std::unique_ptr<Ogre::RTShader::RenderState,std::default_delete<Ogre::RTShader::RenderState>>' needs to have dll-interface to be used by clients of class 'Ogre::RTShader::ShaderGenerator::SGScheme'
C:\Users\master\Downloads\ogre-master\Components\RTShaderSystem\include\OgreShaderGenerator.h(725): message : see declaration of 'std::unique_ptr<Ogre::RTShader::RenderState,std::default_delete<Ogre::RTShader::RenderState>>'
C:\Users\master\Downloads\ogre-master\Components\RTShaderSystem\include\OgreShaderGenerator.h(816,21): warning C4251: 'Ogre::RTShader::ShaderGenerator::mSceneManagerMap': class 'std::set<Ogre::SceneManager *,std::less<Ogre::SceneManager *>,std::allocator<Ogre::SceneManager *>>' needs to have dll-interface to be used by clients of class 'Ogre::RTShader::ShaderGenerator'
C:\Users\master\Downloads\ogre-master\Components\RTShaderSystem\include\OgreShaderGenerator.h(736): message : see declaration of 'std::set<Ogre::SceneManager *,std::less<Ogre::SceneManager *>,std::allocator<Ogre::SceneManager *>>'
C:\Users\master\Downloads\ogre-master\Components\RTShaderSystem\include\OgreShaderGenerator.h(818,45): warning C4251: 'Ogre::RTShader::ShaderGenerator::mRenderObjectListener': class 'std::unique_ptr<Ogre::RTShader::SGRenderObjectListener,std::default_delete<Ogre::RTShader::SGRenderObjectListener>>' needs to have dll-interface to be used by clients of class 'Ogre::RTShader::ShaderGenerator'
C:\Users\master\Downloads\ogre-master\Components\RTShaderSystem\include\OgreShaderGenerator.h(818): message : see declaration of 'std::unique_ptr<Ogre::RTShader::SGRenderObjectListener,std::default_delete<Ogre::RTShader::SGRenderObjectListener>>'
C:\Users\master\Downloads\ogre-master\Components\RTShaderSystem\include\OgreShaderGenerator.h(820,45): warning C4251: 'Ogre::RTShader::ShaderGenerator::mSceneManagerListener': class 'std::unique_ptr<Ogre::RTShader::SGSceneManagerListener,std::default_delete<Ogre::RTShader::SGSceneManagerListener>>' needs to have dll-interface to be used by clients of class 'Ogre::RTShader::ShaderGenerator'
C:\Users\master\Downloads\ogre-master\Components\RTShaderSystem\include\OgreShaderGenerator.h(820): message : see declaration of 'std::unique_ptr<Ogre::RTShader::SGSceneManagerListener,std::default_delete<Ogre::RTShader::SGSceneManagerListener>>'
C:\Users\master\Downloads\ogre-master\Components\RTShaderSystem\include\OgreShaderGenerator.h(822,48): warning C4251: 'Ogre::RTShader::ShaderGenerator::mScriptTranslatorManager': class 'std::unique_ptr<Ogre::RTShader::SGScriptTranslatorManager,std::default_delete<Ogre::RTShader::SGScriptTranslatorManager>>' needs to have dll-interface to be used by clients of class 'Ogre::RTShader::ShaderGenerator'
C:\Users\master\Downloads\ogre-master\Components\RTShaderSystem\include\OgreShaderGenerator.h(822): message : see declaration of 'std::unique_ptr<Ogre::RTShader::SGScriptTranslatorManager,std::default_delete<Ogre::RTShader::SGScriptTranslatorManager>>'
C:\Users\master\Downloads\ogre-master\Components\RTShaderSystem\include\OgreShaderGenerator.h(824,51): warning C4251: 'Ogre::RTShader::ShaderGenerator::mMaterialSerializerListener': class 'std::unique_ptr<Ogre::RTShader::SGMaterialSerializerListener,std::default_delete<Ogre::RTShader::SGMaterialSerializerListener>>' needs to have dll-interface to be used by clients of class 'Ogre::RTShader::ShaderGenerator'
C:\Users\master\Downloads\ogre-master\Components\RTShaderSystem\include\OgreShaderGenerator.h(824): message : see declaration of 'std::unique_ptr<Ogre::RTShader::SGMaterialSerializerListener,std::default_delete<Ogre::RTShader::SGMaterialSerializerListener>>'
C:\Users\master\Downloads\ogre-master\Components\RTShaderSystem\include\OgreShaderGenerator.h(826,46): warning C4251: 'Ogre::RTShader::ShaderGenerator::mResourceGroupListener': class 'std::unique_ptr<Ogre::RTShader::SGResourceGroupListener,std::default_delete<Ogre::RTShader::SGResourceGroupListener>>' needs to have dll-interface to be used by clients of class 'Ogre::RTShader::ShaderGenerator'
C:\Users\master\Downloads\ogre-master\Components\RTShaderSystem\include\OgreShaderGenerator.h(826): message : see declaration of 'std::unique_ptr<Ogre::RTShader::SGResourceGroupListener,std::default_delete<Ogre::RTShader::SGResourceGroupListener>>'
C:\Users\master\Downloads\ogre-master\Components\RTShaderSystem\include\OgreShaderGenerator.h(830,12): warning C4251: 'Ogre::RTShader::ShaderGenerator::mShaderLanguage': class 'std::basic_string<char,std::char_traits<char>,std::allocator<char>>' needs to have dll-interface to be used by clients of class 'Ogre::RTShader::ShaderGenerator'
C:\Program Files (x86)\Microsoft Visual Studio\2019\Community\VC\Tools\MSVC\14.29.30133\include\xstring(4871): message : see declaration of 'std::basic_string<char,std::char_traits<char>,std::allocator<char>>'
C:\Users\master\Downloads\ogre-master\Components\RTShaderSystem\include\OgreShaderGenerator.h(832,12): warning C4251: 'Ogre::RTShader::ShaderGenerator::mVertexShaderProfiles': class 'std::basic_string<char,std::char_traits<char>,std::allocator<char>>' needs to have dll-interface to be used by clients of class 'Ogre::RTShader::ShaderGenerator'
C:\Program Files (x86)\Microsoft Visual Studio\2019\Community\VC\Tools\MSVC\14.29.30133\include\xstring(4871): message : see declaration of 'std::basic_string<char,std::char_traits<char>,std::allocator<char>>'
C:\Users\master\Downloads\ogre-master\Components\RTShaderSystem\include\OgreShaderGenerator.h(834,12): warning C4251: 'Ogre::RTShader::ShaderGenerator::mFragmentShaderProfiles': class 'std::basic_string<char,std::char_traits<char>,std::allocator<char>>' needs to have dll-interface to be used by clients of class 'Ogre::RTShader::ShaderGenerator'
C:\Program Files (x86)\Microsoft Visual Studio\2019\Community\VC\Tools\MSVC\14.29.30133\include\xstring(4871): message : see declaration of 'std::basic_string<char,std::char_traits<char>,std::allocator<char>>'
C:\Users\master\Downloads\ogre-master\Components\RTShaderSystem\include\OgreShaderGenerator.h(836,12): warning C4251: 'Ogre::RTShader::ShaderGenerator::mShaderCachePath': class 'std::basic_string<char,std::char_traits<char>,std::allocator<char>>' needs to have dll-interface to be used by clients of class 'Ogre::RTShader::ShaderGenerator'
C:\Program Files (x86)\Microsoft Visual Studio\2019\Community\VC\Tools\MSVC\14.29.30133\include\xstring(4871): message : see declaration of 'std::basic_string<char,std::char_traits<char>,std::allocator<char>>'
C:\Users\master\Downloads\ogre-master\Components\RTShaderSystem\include\OgreShaderGenerator.h(838,37): warning C4251: 'Ogre::RTShader::ShaderGenerator::mProgramManager': class 'std::unique_ptr<Ogre::RTShader::ProgramManager,std::default_delete<Ogre::RTShader::ProgramManager>>' needs to have dll-interface to be used by clients of class 'Ogre::RTShader::ShaderGenerator'
C:\Users\master\Downloads\ogre-master\Components\RTShaderSystem\include\OgreShaderGenerator.h(838): message : see declaration of 'std::unique_ptr<Ogre::RTShader::ProgramManager,std::default_delete<Ogre::RTShader::ProgramManager>>'
C:\Users\master\Downloads\ogre-master\Components\RTShaderSystem\include\OgreShaderGenerator.h(840,43): warning C4251: 'Ogre::RTShader::ShaderGenerator::mProgramWriterManager': class 'std::unique_ptr<Ogre::RTShader::ProgramWriterManager,std::default_delete<Ogre::RTShader::ProgramWriterManager>>' needs to have dll-interface to be used by clients of class 'Ogre::RTShader::ShaderGenerator'
C:\Users\master\Downloads\ogre-master\Components\RTShaderSystem\include\OgreShaderGenerator.h(840): message : see declaration of 'std::unique_ptr<Ogre::RTShader::ProgramWriterManager,std::default_delete<Ogre::RTShader::ProgramWriterManager>>'
C:\Users\master\Downloads\ogre-master\Components\RTShaderSystem\include\OgreShaderGenerator.h(844,19): warning C4251: 'Ogre::RTShader::ShaderGenerator::mMaterialEntriesMap': class 'std::map<Ogre::RTShader::ShaderGenerator::MatGroupPair,Ogre::RTShader::ShaderGenerator::SGMaterial *,Ogre::RTShader::ShaderGenerator::MatGroupPair_less,std::allocator<std::pair<const Ogre::RTShader::ShaderGenerator::MatGroupPair,Ogre::RTShader::ShaderGenerator::SGMaterial *>>>' needs to have dll-interface to be used by clients of class 'Ogre::RTShader::ShaderGenerator'
C:\Users\master\Downloads\ogre-master\Components\RTShaderSystem\include\OgreShaderGenerator.h(476): message : see declaration of 'std::map<Ogre::RTShader::ShaderGenerator::MatGroupPair,Ogre::RTShader::ShaderGenerator::SGMaterial *,Ogre::RTShader::ShaderGenerator::MatGroupPair_less,std::allocator<std::pair<const Ogre::RTShader::ShaderGenerator::MatGroupPair,Ogre::RTShader::ShaderGenerator::SGMaterial *>>>'
C:\Users\master\Downloads\ogre-master\Components\RTShaderSystem\include\OgreShaderGenerator.h(846,17): warning C4251: 'Ogre::RTShader::ShaderGenerator::mSchemeEntriesMap': class 'std::map<Ogre::String,Ogre::RTShader::ShaderGenerator::SGScheme *,std::less<Ogre::String>,std::allocator<std::pair<const Ogre::String,Ogre::RTShader::ShaderGenerator::SGScheme *>>>' needs to have dll-interface to be used by clients of class 'Ogre::RTShader::ShaderGenerator'
C:\Users\master\Downloads\ogre-master\Components\RTShaderSystem\include\OgreShaderGenerator.h(480): message : see declaration of 'std::map<Ogre::String,Ogre::RTShader::ShaderGenerator::SGScheme *,std::less<Ogre::String>,std::allocator<std::pair<const Ogre::String,Ogre::RTShader::ShaderGenerator::SGScheme *>>>'
C:\Users\master\Downloads\ogre-master\Components\RTShaderSystem\include\OgreShaderGenerator.h(848,20): warning C4251: 'Ogre::RTShader::ShaderGenerator::mTechniqueEntriesMap': class 'std::map<Ogre::RTShader::ShaderGenerator::SGTechnique *,Ogre::RTShader::ShaderGenerator::SGTechnique *,std::less<Ogre::RTShader::ShaderGenerator::SGTechnique *>,std::allocator<std::pair<Ogre::RTShader::ShaderGenerator::SGTechnique *const ,Ogre::RTShader::ShaderGenerator::SGTechnique *>>>' needs to have dll-interface to be used by clients of class 'Ogre::RTShader::ShaderGenerator'
C:\Users\master\Downloads\ogre-master\Components\RTShaderSystem\include\OgreShaderGenerator.h(473): message : see declaration of 'std::map<Ogre::RTShader::ShaderGenerator::SGTechnique *,Ogre::RTShader::ShaderGenerator::SGTechnique *,std::less<Ogre::RTShader::ShaderGenerator::SGTechnique *>,std::allocator<std::pair<Ogre::RTShader::ShaderGenerator::SGTechnique *const ,Ogre::RTShader::ShaderGenerator::SGTechnique *>>>'
C:\Users\master\Downloads\ogre-master\Components\RTShaderSystem\include\OgreShaderGenerator.h(850,30): warning C4251: 'Ogre::RTShader::ShaderGenerator::mSubRenderStateFactories': class 'std::map<Ogre::String,Ogre::RTShader::SubRenderStateFactory *,std::less<Ogre::String>,std::allocator<std::pair<const Ogre::String,Ogre::RTShader::SubRenderStateFactory *>>>' needs to have dll-interface to be used by clients of class 'Ogre::RTShader::ShaderGenerator'
C:\Users\master\Downloads\ogre-master\Components\RTShaderSystem\include\OgreShaderGenerator.h(731): message : see declaration of 'std::map<Ogre::String,Ogre::RTShader::SubRenderStateFactory *,std::less<Ogre::String>,std::allocator<std::pair<const Ogre::String,Ogre::RTShader::SubRenderStateFactory *>>>'
C:\Users\master\Downloads\ogre-master\Components\RTShaderSystem\include\OgreShaderGenerator.h(852,41): warning C4251: 'Ogre::RTShader::ShaderGenerator::mBuiltinSRSFactories': class 'std::vector<Ogre::RTShader::SubRenderStateFactory *,std::allocator<Ogre::RTShader::SubRenderStateFactory *>>' needs to have dll-interface to be used by clients of class 'Ogre::RTShader::ShaderGenerator'
C:\Users\master\Downloads\ogre-master\Components\RTShaderSystem\include\OgreShaderGenerator.h(852): message : see declaration of 'std::vector<Ogre::RTShader::SubRenderStateFactory *,std::allocator<Ogre::RTShader::SubRenderStateFactory *>>'
C:\Users\master\Downloads\ogre-master\Components\RTShaderSystem\include\OgreShaderFunctionAtom.h(145,18): warning C4251: 'Ogre::RTShader::Operand::mParameter': class 'std::shared_ptr<Ogre::RTShader::Parameter>' needs to have dll-interface to be used by clients of class 'Ogre::RTShader::Operand'
C:\Users\master\Downloads\ogre-master\Components\RTShaderSystem\include\OgreShaderPrerequisites.h(70): message : see declaration of 'std::shared_ptr<Ogre::RTShader::Parameter>'
C:\Users\master\Downloads\ogre-master\Components\RTShaderSystem\include\OgreShaderFunctionAtom.h(185,60): warning C4244: 'argument': conversion from 'int' to 'float', possible loss of data
C:\Users\master\Downloads\ogre-master\Components\RTShaderSystem\include\OgreShaderFunctionAtom.h(227,19): warning C4251: 'Ogre::RTShader::FunctionAtom::mOperands': class 'std::vector<Ogre::RTShader::Operand,std::allocator<Ogre::RTShader::Operand>>' needs to have dll-interface to be used by clients of class 'Ogre::RTShader::FunctionAtom'
C:\Users\master\Downloads\ogre-master\Components\RTShaderSystem\include\OgreShaderFunctionAtom.h(194): message : see declaration of 'std::vector<Ogre::RTShader::Operand,std::allocator<Ogre::RTShader::Operand>>'
C:\Users\master\Downloads\ogre-master\Components\RTShaderSystem\include\OgreShaderFunctionAtom.h(228,12): warning C4251: 'Ogre::RTShader::FunctionAtom::mFunctionName': class 'std::basic_string<char,std::char_traits<char>,std::allocator<char>>' needs to have dll-interface to be used by clients of class 'Ogre::RTShader::FunctionAtom'
C:\Program Files (x86)\Microsoft Visual Studio\2019\Community\VC\Tools\MSVC\14.29.30133\include\xstring(4871): message : see declaration of 'std::basic_string<char,std::char_traits<char>,std::allocator<char>>'
C:\Users\master\Downloads\ogre-master\Components\RTShaderSystem\include\OgreShaderFunctionAtom.h(286,12): warning C4251: 'Ogre::RTShader::FunctionInvocation::mReturnType': class 'std::basic_string<char,std::char_traits<char>,std::allocator<char>>' needs to have dll-interface to be used by clients of class 'Ogre::RTShader::FunctionInvocation'
C:\Program Files (x86)\Microsoft Visual Studio\2019\Community\VC\Tools\MSVC\14.29.30133\include\xstring(4871): message : see declaration of 'std::basic_string<char,std::char_traits<char>,std::allocator<char>>'
C:\Users\master\Downloads\ogre-master\Components\RTShaderSystem\include\OgreShaderFunction.h(273,25): warning C4251: 'Ogre::RTShader::Function::mInputParameters': class 'std::vector<Ogre::RTShader::ParameterPtr,std::allocator<Ogre::RTShader::ParameterPtr>>' needs to have dll-interface to be used by clients of class 'Ogre::RTShader::Function'
C:\Users\master\Downloads\ogre-master\Components\RTShaderSystem\include\OgreShaderPrerequisites.h(72): message : see declaration of 'std::vector<Ogre::RTShader::ParameterPtr,std::allocator<Ogre::RTShader::ParameterPtr>>'
C:\Users\master\Downloads\ogre-master\Components\RTShaderSystem\include\OgreShaderFunction.h(275,25): warning C4251: 'Ogre::RTShader::Function::mOutputParameters': class 'std::vector<Ogre::RTShader::ParameterPtr,std::allocator<Ogre::RTShader::ParameterPtr>>' needs to have dll-interface to be used by clients of class 'Ogre::RTShader::Function'
C:\Users\master\Downloads\ogre-master\Components\RTShaderSystem\include\OgreShaderPrerequisites.h(72): message : see declaration of 'std::vector<Ogre::RTShader::ParameterPtr,std::allocator<Ogre::RTShader::ParameterPtr>>'
C:\Users\master\Downloads\ogre-master\Components\RTShaderSystem\include\OgreShaderFunction.h(277,25): warning C4251: 'Ogre::RTShader::Function::mLocalParameters': class 'std::vector<Ogre::RTShader::ParameterPtr,std::allocator<Ogre::RTShader::ParameterPtr>>' needs to have dll-interface to be used by clients of class 'Ogre::RTShader::Function'
C:\Users\master\Downloads\ogre-master\Components\RTShaderSystem\include\OgreShaderPrerequisites.h(72): message : see declaration of 'std::vector<Ogre::RTShader::ParameterPtr,std::allocator<Ogre::RTShader::ParameterPtr>>'
C:\Users\master\Downloads\ogre-master\Components\RTShaderSystem\include\OgreShaderFunction.h(279,48): warning C4251: 'Ogre::RTShader::Function::mAtomInstances': class 'std::map<size_t,Ogre::RTShader::FunctionAtomInstanceList,std::less<size_t>,std::allocator<std::pair<const size_t,Ogre::RTShader::FunctionAtomInstanceList>>>' needs to have dll-interface to be used by clients of class 'Ogre::RTShader::Function'
C:\Users\master\Downloads\ogre-master\Components\RTShaderSystem\include\OgreShaderFunction.h(279): message : see declaration of 'std::map<size_t,Ogre::RTShader::FunctionAtomInstanceList,std::less<size_t>,std::allocator<std::pair<const size_t,Ogre::RTShader::FunctionAtomInstanceList>>>'
C:\Users\master\Downloads\ogre-master\Components\RTShaderSystem\include\OgreShaderFunction.h(280,30): warning C4251: 'Ogre::RTShader::Function::mSortedAtomInstances': class 'std::vector<Ogre::RTShader::FunctionAtom *,std::allocator<Ogre::RTShader::FunctionAtom *>>' needs to have dll-interface to be used by clients of class 'Ogre::RTShader::Function'
C:\Users\master\Downloads\ogre-master\Components\RTShaderSystem\include\OgreShaderFunctionAtom.h(330): message : see declaration of 'std::vector<Ogre::RTShader::FunctionAtom *,std::allocator<Ogre::RTShader::FunctionAtom *>>'
C:\Users\master\Downloads\ogre-master\Components\RTShaderSystem\include\OgreShaderFFPTransform.h(83,19): warning C4251: 'Ogre::RTShader::FFPTransform::Type': class 'std::basic_string<char,std::char_traits<char>,std::allocator<char>>' needs to have dll-interface to be used by clients of class 'Ogre::RTShader::FFPTransform'
C:\Program Files (x86)\Microsoft Visual Studio\2019\Community\VC\Tools\MSVC\14.29.30133\include\xstring(4871): message : see declaration of 'std::basic_string<char,std::char_traits<char>,std::allocator<char>>'
C:\Users\master\Downloads\ogre-master\Components\RTShaderSystem\include\OgreShaderFFPTexturing.h(82,19): warning C4251: 'Ogre::RTShader::FFPTexturing::Type': class 'std::basic_string<char,std::char_traits<char>,std::allocator<char>>' needs to have dll-interface to be used by clients of class 'Ogre::RTShader::FFPTexturing'
C:\Program Files (x86)\Microsoft Visual Studio\2019\Community\VC\Tools\MSVC\14.29.30133\include\xstring(4871): message : see declaration of 'std::basic_string<char,std::char_traits<char>,std::allocator<char>>'
C:\Users\master\Downloads\ogre-master\Components\RTShaderSystem\include\OgreShaderFFPTexturing.h(103,29): warning C4251: 'Ogre::RTShader::FFPTexturing::TextureUnitParams::mTextureMatrix': class 'std::shared_ptr<Ogre::RTShader::UniformParameter>' needs to have dll-interface to be used by clients of struct 'Ogre::RTShader::FFPTexturing::TextureUnitParams'
C:\Users\master\Downloads\ogre-master\Components\RTShaderSystem\include\OgreShaderPrerequisites.h(71): message : see declaration of 'std::shared_ptr<Ogre::RTShader::UniformParameter>'
C:\Users\master\Downloads\ogre-master\Components\RTShaderSystem\include\OgreShaderFFPTexturing.h(105,29): warning C4251: 'Ogre::RTShader::FFPTexturing::TextureUnitParams::mTextureViewProjImageMatrix': class 'std::shared_ptr<Ogre::RTShader::UniformParameter>' needs to have dll-interface to be used by clients of struct 'Ogre::RTShader::FFPTexturing::TextureUnitParams'
C:\Users\master\Downloads\ogre-master\Components\RTShaderSystem\include\OgreShaderPrerequisites.h(71): message : see declaration of 'std::shared_ptr<Ogre::RTShader::UniformParameter>'
C:\Users\master\Downloads\ogre-master\Components\RTShaderSystem\include\OgreShaderFFPTexturing.h(107,29): warning C4251: 'Ogre::RTShader::FFPTexturing::TextureUnitParams::mTextureSampler': class 'std::shared_ptr<Ogre::RTShader::UniformParameter>' needs to have dll-interface to be used by clients of struct 'Ogre::RTShader::FFPTexturing::TextureUnitParams'
C:\Users\master\Downloads\ogre-master\Components\RTShaderSystem\include\OgreShaderPrerequisites.h(71): message : see declaration of 'std::shared_ptr<Ogre::RTShader::UniformParameter>'
C:\Users\master\Downloads\ogre-master\Components\RTShaderSystem\include\OgreShaderFFPTexturing.h(109,22): warning C4251: 'Ogre::RTShader::FFPTexturing::TextureUnitParams::mVSInputTexCoord': class 'std::shared_ptr<Ogre::RTShader::Parameter>' needs to have dll-interface to be used by clients of struct 'Ogre::RTShader::FFPTexturing::TextureUnitParams'
C:\Users\master\Downloads\ogre-master\Components\RTShaderSystem\include\OgreShaderPrerequisites.h(70): message : see declaration of 'std::shared_ptr<Ogre::RTShader::Parameter>'
C:\Users\master\Downloads\ogre-master\Components\RTShaderSystem\include\OgreShaderFFPTexturing.h(111,22): warning C4251: 'Ogre::RTShader::FFPTexturing::TextureUnitParams::mVSOutputTexCoord': class 'std::shared_ptr<Ogre::RTShader::Parameter>' needs to have dll-interface to be used by clients of struct 'Ogre::RTShader::FFPTexturing::TextureUnitParams'
C:\Users\master\Downloads\ogre-master\Components\RTShaderSystem\include\OgreShaderPrerequisites.h(70): message : see declaration of 'std::shared_ptr<Ogre::RTShader::Parameter>'
C:\Users\master\Downloads\ogre-master\Components\RTShaderSystem\include\OgreShaderFFPTexturing.h(113,22): warning C4251: 'Ogre::RTShader::FFPTexturing::TextureUnitParams::mPSInputTexCoord': class 'std::shared_ptr<Ogre::RTShader::Parameter>' needs to have dll-interface to be used by clients of struct 'Ogre::RTShader::FFPTexturing::TextureUnitParams'
C:\Users\master\Downloads\ogre-master\Components\RTShaderSystem\include\OgreShaderPrerequisites.h(70): message : see declaration of 'std::shared_ptr<Ogre::RTShader::Parameter>'
C:\Users\master\Downloads\ogre-master\Components\RTShaderSystem\include\OgreShaderFFPTexturing.h(200,27): warning C4251: 'Ogre::RTShader::FFPTexturing::mTextureUnitParamsList': class 'std::vector<Ogre::RTShader::FFPTexturing::TextureUnitParams,std::allocator<Ogre::RTShader::FFPTexturing::TextureUnitParams>>' needs to have dll-interface to be used by clients of class 'Ogre::RTShader::FFPTexturing'
C:\Users\master\Downloads\ogre-master\Components\RTShaderSystem\include\OgreShaderFFPTexturing.h(116): message : see declaration of 'std::vector<Ogre::RTShader::FFPTexturing::TextureUnitParams,std::allocator<Ogre::RTShader::FFPTexturing::TextureUnitParams>>'
C:\Users\master\Downloads\ogre-master\Components\RTShaderSystem\include\OgreShaderFFPTexturing.h(202,25): warning C4251: 'Ogre::RTShader::FFPTexturing::mWorldMatrix': class 'std::shared_ptr<Ogre::RTShader::UniformParameter>' needs to have dll-interface to be used by clients of class 'Ogre::RTShader::FFPTexturing'
C:\Users\master\Downloads\ogre-master\Components\RTShaderSystem\include\OgreShaderPrerequisites.h(71): message : see declaration of 'std::shared_ptr<Ogre::RTShader::UniformParameter>'
C:\Users\master\Downloads\ogre-master\Components\RTShaderSystem\include\OgreShaderFFPTexturing.h(204,25): warning C4251: 'Ogre::RTShader::FFPTexturing::mWorldITMatrix': class 'std::shared_ptr<Ogre::RTShader::UniformParameter>' needs to have dll-interface to be used by clients of class 'Ogre::RTShader::FFPTexturing'
C:\Users\master\Downloads\ogre-master\Components\RTShaderSystem\include\OgreShaderPrerequisites.h(71): message : see declaration of 'std::shared_ptr<Ogre::RTShader::UniformParameter>'
C:\Users\master\Downloads\ogre-master\Components\RTShaderSystem\include\OgreShaderFFPTexturing.h(206,25): warning C4251: 'Ogre::RTShader::FFPTexturing::mViewMatrix': class 'std::shared_ptr<Ogre::RTShader::UniformParameter>' needs to have dll-interface to be used by clients of class 'Ogre::RTShader::FFPTexturing'
C:\Users\master\Downloads\ogre-master\Components\RTShaderSystem\include\OgreShaderPrerequisites.h(71): message : see declaration of 'std::shared_ptr<Ogre::RTShader::UniformParameter>'
C:\Users\master\Downloads\ogre-master\Components\RTShaderSystem\include\OgreShaderFFPTexturing.h(208,18): warning C4251: 'Ogre::RTShader::FFPTexturing::mVSInputNormal': class 'std::shared_ptr<Ogre::RTShader::Parameter>' needs to have dll-interface to be used by clients of class 'Ogre::RTShader::FFPTexturing'
C:\Users\master\Downloads\ogre-master\Components\RTShaderSystem\include\OgreShaderPrerequisites.h(70): message : see declaration of 'std::shared_ptr<Ogre::RTShader::Parameter>'
C:\Users\master\Downloads\ogre-master\Components\RTShaderSystem\include\OgreShaderFFPTexturing.h(210,18): warning C4251: 'Ogre::RTShader::FFPTexturing::mVSInputPos': class 'std::shared_ptr<Ogre::RTShader::Parameter>' needs to have dll-interface to be used by clients of class 'Ogre::RTShader::FFPTexturing'
C:\Users\master\Downloads\ogre-master\Components\RTShaderSystem\include\OgreShaderPrerequisites.h(70): message : see declaration of 'std::shared_ptr<Ogre::RTShader::Parameter>'
C:\Users\master\Downloads\ogre-master\Components\RTShaderSystem\include\OgreShaderFFPTexturing.h(212,18): warning C4251: 'Ogre::RTShader::FFPTexturing::mPSOutDiffuse': class 'std::shared_ptr<Ogre::RTShader::Parameter>' needs to have dll-interface to be used by clients of class 'Ogre::RTShader::FFPTexturing'
C:\Users\master\Downloads\ogre-master\Components\RTShaderSystem\include\OgreShaderPrerequisites.h(70): message : see declaration of 'std::shared_ptr<Ogre::RTShader::Parameter>'
C:\Users\master\Downloads\ogre-master\Components\RTShaderSystem\include\OgreShaderFFPTexturing.h(214,18): warning C4251: 'Ogre::RTShader::FFPTexturing::mPSDiffuse': class 'std::shared_ptr<Ogre::RTShader::Parameter>' needs to have dll-interface to be used by clients of class 'Ogre::RTShader::FFPTexturing'
C:\Users\master\Downloads\ogre-master\Components\RTShaderSystem\include\OgreShaderPrerequisites.h(70): message : see declaration of 'std::shared_ptr<Ogre::RTShader::Parameter>'
C:\Users\master\Downloads\ogre-master\Components\RTShaderSystem\include\OgreShaderFFPTexturing.h(216,18): warning C4251: 'Ogre::RTShader::FFPTexturing::mPSSpecular': class 'std::shared_ptr<Ogre::RTShader::Parameter>' needs to have dll-interface to be used by clients of class 'Ogre::RTShader::FFPTexturing'
C:\Users\master\Downloads\ogre-master\Components\RTShaderSystem\include\OgreShaderPrerequisites.h(70): message : see declaration of 'std::shared_ptr<Ogre::RTShader::Parameter>'
C:\Users\master\Downloads\ogre-master\Components\RTShaderSystem\include\OgreShaderExLayeredBlending.h(90,19): warning C4251: 'Ogre::RTShader::LayeredBlending::Type': class 'std::basic_string<char,std::char_traits<char>,std::allocator<char>>' needs to have dll-interface to be used by clients of class 'Ogre::RTShader::LayeredBlending'
C:\Program Files (x86)\Microsoft Visual Studio\2019\Community\VC\Tools\MSVC\14.29.30133\include\xstring(4871): message : see declaration of 'std::basic_string<char,std::char_traits<char>,std::allocator<char>>'
C:\Users\master\Downloads\ogre-master\Components\RTShaderSystem\include\OgreShaderExLayeredBlending.h(137,31): warning C4251: 'Ogre::RTShader::LayeredBlending::mTextureBlends': class 'std::vector<Ogre::RTShader::LayeredBlending::TextureBlend,std::allocator<Ogre::RTShader::LayeredBlending::TextureBlend>>' needs to have dll-interface to be used by clients of class 'Ogre::RTShader::LayeredBlending'
C:\Users\master\Downloads\ogre-master\Components\RTShaderSystem\include\OgreShaderExLayeredBlending.h(137): message : see declaration of 'std::vector<Ogre::RTShader::LayeredBlending::TextureBlend,std::allocator<Ogre::RTShader::LayeredBlending::TextureBlend>>'
C:\Users\master\Downloads\ogre-master\Components\Bites\include\OgreSGTechniqueResolverListener.h(46,93): warning C4275: non dll-interface class 'Ogre::MaterialManager::Listener' used as base for dll-interface class 'OgreBites::SGTechniqueResolverListener'
C:\Users\master\Downloads\ogre-master\OgreMain\include\OgreMaterialManager.h(82): message : see declaration of 'Ogre::MaterialManager::Listener'
C:\Users\master\Downloads\ogre-master\Components\Bites\include\OgreSGTechniqueResolverListener.h(46): message : see declaration of 'OgreBites::SGTechniqueResolverListener'
C:\Users\master\Downloads\ogre-master\Components\Bites\include\OgreInput.h(200,33): warning C4251: 'OgreBites::InputListenerChain::mListenerChain': class 'std::vector<OgreBites::InputListener *,std::allocator<OgreBites::InputListener *>>' needs to have dll-interface to be used by clients of class 'OgreBites::InputListenerChain'
C:\Users\master\Downloads\ogre-master\Components\Bites\include\OgreInput.h(200): message : see declaration of 'std::vector<OgreBites::InputListener *,std::allocator<OgreBites::InputListener *>>'
C:\Users\master\Downloads\ogre-master\Components\Bites\include\OgreApplicationContextBase.h(298,22): warning C4251: 'OgreBites::ApplicationContextBase::mNextRenderer': class 'std::basic_string<char,std::char_traits<char>,std::allocator<char>>' needs to have dll-interface to be used by clients of class 'OgreBites::ApplicationContextBase'
C:\Program Files (x86)\Microsoft Visual Studio\2019\Community\VC\Tools\MSVC\14.29.30133\include\xstring(4871): message : see declaration of 'std::basic_string<char,std::char_traits<char>,std::allocator<char>>'
C:\Users\master\Downloads\ogre-master\Components\Bites\include\OgreApplicationContextBase.h(299,22): warning C4251: 'OgreBites::ApplicationContextBase::mAppName': class 'std::basic_string<char,std::char_traits<char>,std::allocator<char>>' needs to have dll-interface to be used by clients of class 'OgreBites::ApplicationContextBase'
C:\Program Files (x86)\Microsoft Visual Studio\2019\Community\VC\Tools\MSVC\14.29.30133\include\xstring(4871): message : see declaration of 'std::basic_string<char,std::char_traits<char>,std::allocator<char>>'
C:\Users\master\Downloads\ogre-master\Components\Bites\include\OgreApplicationContextBase.h(302,20): warning C4251: 'OgreBites::ApplicationContextBase::mWindows': class 'std::vector<OgreBites::NativeWindowPair,std::allocator<OgreBites::NativeWindowPair>>' needs to have dll-interface to be used by clients of class 'OgreBites::ApplicationContextBase'
C:\Users\master\Downloads\ogre-master\Components\Bites\include\OgreApplicationContextBase.h(301): message : see declaration of 'std::vector<OgreBites::NativeWindowPair,std::allocator<OgreBites::NativeWindowPair>>'
C:\Users\master\Downloads\ogre-master\Components\Bites\include\OgreApplicationContextBase.h(305,27): warning C4251: 'OgreBites::ApplicationContextBase::mInputListeners': class 'std::set<std::pair<uint32_t,OgreBites::InputListener *>,std::less<std::pair<uint32_t,OgreBites::InputListener *>>,std::allocator<std::pair<uint32_t,OgreBites::InputListener *>>>' needs to have dll-interface to be used by clients of class 'OgreBites::ApplicationContextBase'
C:\Users\master\Downloads\ogre-master\Components\Bites\include\OgreApplicationContextBase.h(304): message : see declaration of 'std::set<std::pair<uint32_t,OgreBites::InputListener *>,std::less<std::pair<uint32_t,OgreBites::InputListener *>>,std::allocator<std::pair<uint32_t,OgreBites::InputListener *>>>'
C:\Users\master\Downloads\ogre-master\Components\Bites\include\OgreCameraMan.h(165,23): warning C4251: 'OgreBites::CameraMan::mVelocity': class 'Ogre::Vector<3,Ogre::Real>' needs to have dll-interface to be used by clients of class 'OgreBites::CameraMan'
C:\Users\master\Downloads\ogre-master\OgreMain\include\OgrePrerequisites.h(251): message : see declaration of 'Ogre::Vector<3,Ogre::Real>'
C:\Users\master\Downloads\ogre-master\Components\Bites\include\OgreCameraMan.h(173,23): warning C4251: 'OgreBites::CameraMan::mOffset': class 'Ogre::Vector<3,Ogre::Real>' needs to have dll-interface to be used by clients of class 'OgreBites::CameraMan'
C:\Users\master\Downloads\ogre-master\OgreMain\include\OgrePrerequisites.h(251): message : see declaration of 'Ogre::Vector<3,Ogre::Real>'
C:\Users\master\source\repos\openvice-ogre\openvice-ogre\Source.cpp(243,29): warning C4101: 'e': unreferenced local variable
  openvice-ogre.vcxproj -> C:\Users\master\source\repos\openvice-ogre\x64\Debug\openvice-ogre.exe
